<?xml version="1.0" encoding="UTF-8"?>
<!-- Generated by org.testng.reporters.JUnitReportReporter -->
<testsuite skipped="0" hostname="DESKTOP-01OJN8V" name="tests.MyTrip" tests="1" failures="0" timestamp="2021-09-19T20:23:44 IST" time="15.136" errors="0">
  <testcase name="test1" time="15.136" classname="tests.MyTrip"/>
  <system-out/>
</testsuite> <!-- tests.MyTrip -->
